<?xml version="1.0" encoding="UTF-8"?>
<!-- Generated by org.testng.reporters.JUnitXMLReporter -->
<testsuite ignored="0" hostname="DESKTOP-6J4CG8R" failures="0" tests="3" name="Default test" time="126.313" errors="0" timestamp="2025-09-03T00:27:24 IST">
  <testcase classname="Prudvi.Pageodbj.FrameHandle" name="framesOneOperation" time="31.289"/>
  <testcase classname="Prudvi.Pageodbj.FrameHandle" name="framesThreeOperation" time="61.849"/>
  <testcase classname="Prudvi.Pageodbj.FrameHandle" name="framesTwoOperation" time="25.44"/>
</testsuite> <!-- Default test -->
