<?xml version="1.0" encoding="UTF-8"?>
<testng-results ignored="0" total="3" passed="3" failed="0" skipped="0">
  <reporter-output>
  </reporter-output>
  <suite started-at="2025-09-03T00:42:03 IST" name="Suite" finished-at="2025-09-03T00:44:17 IST" duration-ms="133922">
    <groups>
      <group name="FrameHandles">
        <method signature="FrameHandle.framesOneOperation()[pri:0, instance:Prudvi.Pageodbj.FrameHandle@3cd3e762]" name="framesOneOperation" class="Prudvi.Pageodbj.FrameHandle"/>
        <method signature="FrameHandle.framesThreeOperation()[pri:0, instance:Prudvi.Pageodbj.FrameHandle@3cd3e762]" name="framesThreeOperation" class="Prudvi.Pageodbj.FrameHandle"/>
        <method signature="FrameHandle.framesTwoOperation()[pri:0, instance:Prudvi.Pageodbj.FrameHandle@3cd3e762]" name="framesTwoOperation" class="Prudvi.Pageodbj.FrameHandle"/>
      </group> <!-- FrameHandles -->
    </groups>
    <test started-at="2025-09-03T00:42:03 IST" name="FrameHandles" finished-at="2025-09-03T00:44:17 IST" duration-ms="133922">
      <class name="Prudvi.Pageodbj.FrameHandle">
        <test-method is-config="true" signature="browserLaunch()[pri:0, instance:Prudvi.Pageodbj.FrameHandle@3cd3e762]" started-at="2025-09-03T00:42:03 IST" name="browserLaunch" finished-at="2025-09-03T00:42:06 IST" duration-ms="3196" status="PASS">
          <reporter-output>
          </reporter-output>
        </test-method> <!-- browserLaunch -->
        <test-method signature="framesOneOperation()[pri:0, instance:Prudvi.Pageodbj.FrameHandle@3cd3e762]" started-at="2025-09-03T00:42:06 IST" name="framesOneOperation" finished-at="2025-09-03T00:42:39 IST" duration-ms="32260" status="PASS">
          <reporter-output>
          </reporter-output>
        </test-method> <!-- framesOneOperation -->
        <test-method is-config="true" signature="tearDown()[pri:0, instance:Prudvi.Pageodbj.FrameHandle@3cd3e762]" started-at="2025-09-03T00:42:39 IST" name="tearDown" finished-at="2025-09-03T00:42:39 IST" duration-ms="464" status="PASS">
          <reporter-output>
          </reporter-output>
        </test-method> <!-- tearDown -->
        <test-method is-config="true" signature="browserLaunch()[pri:0, instance:Prudvi.Pageodbj.FrameHandle@3cd3e762]" started-at="2025-09-03T00:42:39 IST" name="browserLaunch" finished-at="2025-09-03T00:42:40 IST" duration-ms="1370" status="PASS">
          <reporter-output>
          </reporter-output>
        </test-method> <!-- browserLaunch -->
        <test-method signature="framesThreeOperation()[pri:0, instance:Prudvi.Pageodbj.FrameHandle@3cd3e762]" started-at="2025-09-03T00:42:40 IST" name="framesThreeOperation" finished-at="2025-09-03T00:43:46 IST" duration-ms="65309" status="PASS">
          <reporter-output>
          </reporter-output>
        </test-method> <!-- framesThreeOperation -->
        <test-method is-config="true" signature="tearDown()[pri:0, instance:Prudvi.Pageodbj.FrameHandle@3cd3e762]" started-at="2025-09-03T00:43:46 IST" name="tearDown" finished-at="2025-09-03T00:43:46 IST" duration-ms="442" status="PASS">
          <reporter-output>
          </reporter-output>
        </test-method> <!-- tearDown -->
        <test-method is-config="true" signature="browserLaunch()[pri:0, instance:Prudvi.Pageodbj.FrameHandle@3cd3e762]" started-at="2025-09-03T00:43:46 IST" name="browserLaunch" finished-at="2025-09-03T00:43:48 IST" duration-ms="1469" status="PASS">
          <reporter-output>
          </reporter-output>
        </test-method> <!-- browserLaunch -->
        <test-method signature="framesTwoOperation()[pri:0, instance:Prudvi.Pageodbj.FrameHandle@3cd3e762]" started-at="2025-09-03T00:43:48 IST" name="framesTwoOperation" finished-at="2025-09-03T00:44:16 IST" duration-ms="28807" status="PASS">
          <reporter-output>
          </reporter-output>
        </test-method> <!-- framesTwoOperation -->
        <test-method is-config="true" signature="tearDown()[pri:0, instance:Prudvi.Pageodbj.FrameHandle@3cd3e762]" started-at="2025-09-03T00:44:16 IST" name="tearDown" finished-at="2025-09-03T00:44:17 IST" duration-ms="481" status="PASS">
          <reporter-output>
          </reporter-output>
        </test-method> <!-- tearDown -->
      </class> <!-- Prudvi.Pageodbj.FrameHandle -->
    </test> <!-- FrameHandles -->
  </suite> <!-- Suite -->
</testng-results>
