<?xml version="1.0" encoding="UTF-8"?>
<!-- Generated by org.testng.reporters.JUnitXMLReporter -->
<testsuite ignored="2" hostname="DESKTOP-6J4CG8R" failures="0" tests="0" time="0.036" errors="0" timestamp="2025-09-03T00:38:44 IST">
  <testcase classname="Prudvi.Pageodbj.Alerts" name="AlertChecks" time="0.0">
    <ignored/>
  </testcase> <!-- AlertChecks -->
  <testcase classname="Prudvi.Pageodbj.Alerts" name="AlertDismiss" time="0.0">
    <ignored/>
  </testcase> <!-- AlertDismiss -->
</testsuite>
