<?xml version="1.0" encoding="UTF-8"?>
<!-- Generated by org.testng.reporters.JUnitXMLReporter -->
<testsuite ignored="0" hostname="DESKTOP-6J4CG8R" failures="0" tests="3" name="FrameHandles" time="133.922" errors="0" timestamp="2025-09-03T00:44:17 IST">
  <testcase classname="Prudvi.Pageodbj.FrameHandle" name="framesOneOperation" time="32.26"/>
  <testcase classname="Prudvi.Pageodbj.FrameHandle" name="framesThreeOperation" time="65.309"/>
  <testcase classname="Prudvi.Pageodbj.FrameHandle" name="framesTwoOperation" time="28.807"/>
</testsuite> <!-- FrameHandles -->
