<?xml version="1.0" encoding="UTF-8"?>
<!-- Generated by org.testng.reporters.JUnitXMLReporter -->
<testsuite ignored="3" hostname="DESKTOP-6J4CG8R" failures="0" tests="0" time="0.039" errors="0" timestamp="2025-09-03T00:38:44 IST">
  <testcase classname="Prudvi.Pageodbj.FrameHandle" name="framesThreeOperation" time="0.0">
    <ignored/>
  </testcase> <!-- framesThreeOperation -->
  <testcase classname="Prudvi.Pageodbj.FrameHandle" name="framesTwoOperation" time="0.0">
    <ignored/>
  </testcase> <!-- framesTwoOperation -->
  <testcase classname="Prudvi.Pageodbj.FrameHandle" name="framesOneOperation" time="0.0">
    <ignored/>
  </testcase> <!-- framesOneOperation -->
</testsuite>
